<?xml version="1.0" encoding="UTF-8"?>
<!-- Generated by org.testng.reporters.JUnitXMLReporter -->
<testsuite ignored="0" hostname="SE140281" failures="0" tests="3" name="Default test" time="0.372" errors="0" timestamp="2021-03-11T20:14:33 ICT">
  <testcase classname="utils.ExcelDataProvider" name="test1" time="0.004"/>
  <testcase classname="utils.ExcelDataProvider" name="test1" time="0.001"/>
  <testcase classname="utils.ExcelDataProvider" name="test1" time="0.001"/>
</testsuite> <!-- Default test -->
