<?xml version="1.0" encoding="UTF-8"?>
<testng-results ignored="0" total="3" passed="3" failed="0" skipped="0">
  <reporter-output>
  </reporter-output>
  <suite started-at="2021-03-11T20:14:33 ICT" name="Default suite" finished-at="2021-03-11T20:14:33 ICT" duration-ms="372">
    <groups>
    </groups>
    <test started-at="2021-03-11T20:14:33 ICT" name="Default test" finished-at="2021-03-11T20:14:33 ICT" duration-ms="372">
      <class name="utils.ExcelDataProvider">
        <test-method signature="test1(java.lang.String, java.lang.String)[pri:0, instance:utils.ExcelDataProvider@6c779568]" started-at="2021-03-11T20:14:33 ICT" name="test1" data-provider="test1Data" finished-at="2021-03-11T20:14:33 ICT" duration-ms="4" status="PASS">
          <params>
            <param index="0">
              <value>
                <![CDATA[admin]]>
              </value>
            </param>
            <param index="1">
              <value>
                <![CDATA[admin123]]>
              </value>
            </param>
          </params>
          <reporter-output>
          </reporter-output>
        </test-method> <!-- test1 -->
        <test-method signature="test1(java.lang.String, java.lang.String)[pri:0, instance:utils.ExcelDataProvider@6c779568]" started-at="2021-03-11T20:14:33 ICT" name="test1" data-provider="test1Data" finished-at="2021-03-11T20:14:33 ICT" duration-ms="1" status="PASS">
          <params>
            <param index="0">
              <value>
                <![CDATA[bac]]>
              </value>
            </param>
            <param index="1">
              <value>
                <![CDATA[bac123]]>
              </value>
            </param>
          </params>
          <reporter-output>
          </reporter-output>
        </test-method> <!-- test1 -->
        <test-method signature="test1(java.lang.String, java.lang.String)[pri:0, instance:utils.ExcelDataProvider@6c779568]" started-at="2021-03-11T20:14:33 ICT" name="test1" data-provider="test1Data" finished-at="2021-03-11T20:14:33 ICT" duration-ms="1" status="PASS">
          <params>
            <param index="0">
              <value>
                <![CDATA[khang]]>
              </value>
            </param>
            <param index="1">
              <value>
                <![CDATA[khang123]]>
              </value>
            </param>
          </params>
          <reporter-output>
          </reporter-output>
        </test-method> <!-- test1 -->
      </class> <!-- utils.ExcelDataProvider -->
    </test> <!-- Default test -->
  </suite> <!-- Default suite -->
</testng-results>
